----------------------------------------------------------------------------------------------------------
      name:  <unnamed>
       log:  C:\Users\JUAN\Google Drive\Universidad\UCEMA\Econometria\TP\TP10\TP10_Ej2.log
  log type:  text
 opened on:  26 Jul 2020, 21:57:30

. 
. use "DELITOS.dta"

. gen lngasto_05 = ln(gasto_05)

. reg lndelito_05 desemp lngasto_05

      Source |       SS       df       MS              Number of obs =      46
-------------+------------------------------           F(  2,    43) =   14.86
       Model |  1.94636344     2  .973181721           Prob > F      =  0.0000
    Residual |  2.81560529    43  .065479193           R-squared     =  0.4087
-------------+------------------------------           Adj R-squared =  0.3812
       Total |  4.76196873    45  .105821527           Root MSE      =  .25589

------------------------------------------------------------------------------
 lndelito_05 |      Coef.   Std. Err.      t    P>|t|     [95% Conf. Interval]
-------------+----------------------------------------------------------------
      desemp |   .0499093   .0116802     4.27   0.000      .026354    .0734646
  lngasto_05 |   .2292523   .1169056     1.96   0.056    -.0065103     .465015
       _cons |   2.126935   .7837878     2.71   0.010     .5462758    3.707593
------------------------------------------------------------------------------

. reg lndelito_05 desemp lngasto_05 lndelito_03

      Source |       SS       df       MS              Number of obs =      46
-------------+------------------------------           F(  3,    42) =   36.36
       Model |  3.43802145     3  1.14600715           Prob > F      =  0.0000
    Residual |  1.32394727    42  .031522554           R-squared     =  0.7220
-------------+------------------------------           Adj R-squared =  0.7021
       Total |  4.76196873    45  .105821527           Root MSE      =  .17755

------------------------------------------------------------------------------
 lndelito_05 |      Coef.   Std. Err.      t    P>|t|     [95% Conf. Interval]
-------------+----------------------------------------------------------------
      desemp |   .0250502   .0088734     2.82   0.007      .007143    .0429574
  lngasto_05 |  -.0838224   .0930095    -0.90   0.373    -.2715232    .1038783
 lndelito_03 |   1.007941   .1465249     6.88   0.000     .7122422     1.30364
       _cons |   .1569209   .6146202     0.26   0.800    -1.083433    1.397275
------------------------------------------------------------------------------

. corr lndelito_05 lngasto_05
(obs=46)

             | lndel~05 lngas~05
-------------+------------------
 lndelito_05 |   1.0000
  lngasto_05 |   0.3971   1.0000


. corr lndelito_03 lngasto_05
(obs=46)

             | lndel~03 lngas~05
-------------+------------------
 lndelito_03 |   1.0000
  lngasto_05 |   0.5530   1.0000


. 
. reg lndelito_05 desemp lngasto_05, r

Linear regression                                      Number of obs =      46
                                                       F(  2,    43) =   24.37
                                                       Prob > F      =  0.0000
                                                       R-squared     =  0.4087
                                                       Root MSE      =  .25589

------------------------------------------------------------------------------
             |               Robust
 lndelito_05 |      Coef.   Std. Err.      t    P>|t|     [95% Conf. Interval]
-------------+----------------------------------------------------------------
      desemp |   .0499093   .0105356     4.74   0.000     .0286623    .0711563
  lngasto_05 |   .2292523   .1368456     1.68   0.101     -.046723    .5052277
       _cons |   2.126935   .8817558     2.41   0.020     .3487046    3.905165
------------------------------------------------------------------------------

. reg lndelito_05 desemp lngasto_05 lndelito_03,r 

Linear regression                                      Number of obs =      46
                                                       F(  3,    42) =   54.51
                                                       Prob > F      =  0.0000
                                                       R-squared     =  0.7220
                                                       Root MSE      =  .17755

------------------------------------------------------------------------------
             |               Robust
 lndelito_05 |      Coef.   Std. Err.      t    P>|t|     [95% Conf. Interval]
-------------+----------------------------------------------------------------
      desemp |   .0250502   .0079361     3.16   0.003     .0090345    .0410659
  lngasto_05 |  -.0838224   .1009027    -0.83   0.411    -.2874524    .1198076
 lndelito_03 |   1.007941   .1364331     7.39   0.000     .7326082    1.283275
       _cons |   .1569209   .6573468     0.24   0.812    -1.169659      1.4835
------------------------------------------------------------------------------

. 
. 
. capture log close
