----------------------------------------------------------------------------------------------------------
      name:  <unnamed>
       log:  C:\Users\JUAN\Google Drive\Universidad\UCEMA\Econometria\TP\TP11\TP11_Ej3.log
  log type:  text
 opened on:  26 Jul 2020, 23:21:19

. 
. reg l_salario educ exper raza capital sur

      Source |       SS       df       MS              Number of obs =    3010
-------------+------------------------------           F(  5,  3004) =  232.21
       Model |  165.205667     5  33.0411334           Prob > F      =  0.0000
    Residual |  427.435978  3004  .142288941           R-squared     =  0.2788
-------------+------------------------------           Adj R-squared =  0.2776
       Total |  592.641645  3009  .196956346           Root MSE      =  .37721

------------------------------------------------------------------------------
   l_salario |      Coef.   Std. Err.      t    P>|t|     [95% Conf. Interval]
-------------+----------------------------------------------------------------
        educ |    .073807   .0035336    20.89   0.000     .0668784    .0807356
       exper |   .0393134   .0021955    17.91   0.000     .0350085    .0436183
        raza |  -.1882225   .0177678   -10.59   0.000    -.2230607   -.1533843
     capital |   .1647411   .0156919    10.50   0.000     .1339732     .195509
         sur |  -.1290528   .0152285    -8.47   0.000    -.1589122   -.0991935
       _cons |   4.913331   .0631212    77.84   0.000     4.789566    5.037096
------------------------------------------------------------------------------

. 
.   
. ivregress 2sls l_salario exper raza capital sur (educ=cercania4),first

First-stage regressions
-----------------------

                                                  Number of obs   =       3010
                                                  F(   5,   3004) =     542.34
                                                  Prob > F        =     0.0000
                                                  R-squared       =     0.4744
                                                  Adj R-squared   =     0.4736
                                                  Root MSE        =     1.9423

------------------------------------------------------------------------------
        educ |      Coef.   Std. Err.      t    P>|t|     [95% Conf. Interval]
-------------+----------------------------------------------------------------
       exper |  -.3955633   .0087186   -45.37   0.000    -.4126584   -.3784683
        raza |  -1.006665   .0896256   -11.23   0.000    -1.182399   -.8309312
     capital |   .4028107   .0848419     4.75   0.000     .2364566    .5691648
         sur |  -.2901097   .0791554    -3.67   0.000    -.4453139   -.1349055
   cercania4 |   .3373683   .0824893     4.09   0.000      .175627    .4991096
       _cons |   16.60155   .1193692   139.08   0.000     16.36749     16.8356
------------------------------------------------------------------------------


Instrumental variables (2SLS) regression               Number of obs =    3010
                                                       Wald chi2(5)  =  673.47
                                                       Prob > chi2   =  0.0000
                                                       R-squared     =  0.2140
                                                       Root MSE      =   .3934

------------------------------------------------------------------------------
   l_salario |      Coef.   Std. Err.      z    P>|z|     [95% Conf. Interval]
-------------+----------------------------------------------------------------
        educ |   .1318498   .0495237     2.66   0.008     .0347852    .2289144
       exper |   .0622698   .0196665     3.17   0.002     .0237241    .1008155
        raza |  -.1296012   .0532094    -2.44   0.015    -.2338897   -.0253128
     capital |   .1348259   .0302606     4.46   0.000     .0755162    .1941356
         sur |  -.1092522   .0231533    -4.72   0.000    -.1546318   -.0638725
       _cons |   3.939822   .8309333     4.74   0.000     2.311222    5.568421
------------------------------------------------------------------------------
Instrumented:  educ
Instruments:   exper raza capital sur cercania4

. corr cercania4 educ, covariance 
(obs=3010)

             | cercan~4     educ
-------------+------------------
   cercania4 |  .216926
        educ |  .179836  7.16586


. 
end of do-file

. exit, clear
